module_xj/build/outputs/logs/manifest-merger-debug-report.txt
-- Merging decision tree log ---
manifest
ADDED from src\main\AndroidManifest.xml:1:1-79:12
INJECTED from src\main\AndroidManifest.xml:1:1-79:12
INJECTED from src\main\AndroidManifest.xml:1:1-79:12
INJECTED from src\main\AndroidManifest.xml:1:1-79:12
INJECTED from src\main\AndroidManifest.xml:1:1-79:12
INJECTED from src\main\AndroidManifest.xml:1:1-79:12
INJECTED from src\main\AndroidManifest.xml:1:1-79:12
	package
		ADDED from src\main\AndroidManifest.xml:2:5-39
		INJECTED from src\main\AndroidManifest.xml
		INJECTED from src\main\AndroidManifest.xml
	android:versionName
		INJECTED from src\main\AndroidManifest.xml
		ADDED from src\main\AndroidManifest.xml:1:1-79:12
		INJECTED from src\main\AndroidManifest.xml
	android:versionCode
		INJECTED from src\main\AndroidManifest.xml
		ADDED from src\main\AndroidManifest.xml:1:1-79:12
		INJECTED from src\main\AndroidManifest.xml
	xmlns:android
		ADDED from src\main\AndroidManifest.xml:1:11-69
application
ADDED from src\main\AndroidManifest.xml:4:5-78:19
	android:supportsRtl
		ADDED from src\main\AndroidManifest.xml:6:9-35
	android:allowBackup
		ADDED from src\main\AndroidManifest.xml:5:9-35
activity-alias#com.supcon.mes.module_xj.ui.XJSlashActivity
ADDED from src\main\AndroidManifest.xml:8:9-25:26
	android:screenOrientation
		ADDED from src\main\AndroidManifest.xml:10:13-49
	android:enabled
		ADDED from src\main\AndroidManifest.xml:11:13-36
	android:label
		ADDED from src\main\AndroidManifest.xml:15:13-33
	android:targetActivity
		ADDED from src\main\AndroidManifest.xml:13:13-57
	android:icon
		ADDED from src\main\AndroidManifest.xml:14:13-52
	android:theme
		ADDED from src\main\AndroidManifest.xml:12:13-54
	android:name
		ADDED from src\main\AndroidManifest.xml:9:13-47
intent-filter#action:name:android.intent.action.MAIN+category:name:android.intent.category.LAUNCHER
ADDED from src\main\AndroidManifest.xml:17:13-21:29
action#android.intent.action.MAIN
ADDED from src\main\AndroidManifest.xml:18:17-69
	android:name
		ADDED from src\main\AndroidManifest.xml:18:25-66
category#android.intent.category.LAUNCHER
ADDED from src\main\AndroidManifest.xml:20:17-77
	android:name
		ADDED from src\main\AndroidManifest.xml:20:27-74
meta-data#ACTIVITY_ROUTER
ADDED from src\main\AndroidManifest.xml:22:13-24:47
	android:value
		ADDED from src\main\AndroidManifest.xml:24:17-45
	android:name
		ADDED from src\main\AndroidManifest.xml:23:17-47
activity#com.supcon.mes.module_xj.ui.XJSlashActivity
ADDED from src\main\AndroidManifest.xml:27:9-33:15
	android:screenOrientation
		ADDED from src\main\AndroidManifest.xml:30:13-49
	android:launchMode
		ADDED from src\main\AndroidManifest.xml:29:13-44
	android:windowSoftInputMode
		ADDED from src\main\AndroidManifest.xml:32:13-70
	android:theme
		ADDED from src\main\AndroidManifest.xml:31:13-49
	android:name
		ADDED from src\main\AndroidManifest.xml:28:13-47
activity#com.supcon.mes.module_xj.ui.XJTaskListActivity
ADDED from src\main\AndroidManifest.xml:34:9-39:15
	android:screenOrientation
		ADDED from src\main\AndroidManifest.xml:36:13-49
	android:windowSoftInputMode
		ADDED from src\main\AndroidManifest.xml:38:13-70
	android:theme
		ADDED from src\main\AndroidManifest.xml:37:13-54
	android:name
		ADDED from src\main\AndroidManifest.xml:35:13-50
activity#com.supcon.mes.module_xj.ui.XJTaskDetailActivity
ADDED from src\main\AndroidManifest.xml:40:9-46:15
	android:screenOrientation
		ADDED from src\main\AndroidManifest.xml:43:13-49
	android:launchMode
		ADDED from src\main\AndroidManifest.xml:44:13-44
	android:windowSoftInputMode
		ADDED from src\main\AndroidManifest.xml:45:13-70
	android:theme
		ADDED from src\main\AndroidManifest.xml:42:13-48
	android:name
		ADDED from src\main\AndroidManifest.xml:41:13-52
activity#com.supcon.mes.module_xj.ui.XJTaskGetActivity
ADDED from src\main\AndroidManifest.xml:47:9-52:15
	android:screenOrientation
		ADDED from src\main\AndroidManifest.xml:49:13-49
	android:windowSoftInputMode
		ADDED from src\main\AndroidManifest.xml:51:13-70
	android:theme
		ADDED from src\main\AndroidManifest.xml:50:13-54
	android:name
		ADDED from src\main\AndroidManifest.xml:48:13-49
activity#com.supcon.mes.module_xj.ui.XJTaskUploadActivity
ADDED from src\main\AndroidManifest.xml:53:9-58:15
	android:screenOrientation
		ADDED from src\main\AndroidManifest.xml:55:13-49
	android:windowSoftInputMode
		ADDED from src\main\AndroidManifest.xml:57:13-70
	android:theme
		ADDED from src\main\AndroidManifest.xml:56:13-54
	android:name
		ADDED from src\main\AndroidManifest.xml:54:13-52
activity#com.supcon.mes.module_xj.ui.XJWorkActivity
ADDED from src\main\AndroidManifest.xml:59:9-64:15
	android:screenOrientation
		ADDED from src\main\AndroidManifest.xml:61:13-49
	android:windowSoftInputMode
		ADDED from src\main\AndroidManifest.xml:63:13-70
	android:theme
		ADDED from src\main\AndroidManifest.xml:62:13-54
	android:name
		ADDED from src\main\AndroidManifest.xml:60:13-46
activity#com.supcon.mes.module_xj.ui.XJWorkViewActivity
ADDED from src\main\AndroidManifest.xml:65:9-70:15
	android:screenOrientation
		ADDED from src\main\AndroidManifest.xml:67:13-49
	android:windowSoftInputMode
		ADDED from src\main\AndroidManifest.xml:69:13-70
	android:theme
		ADDED from src\main\AndroidManifest.xml:68:13-54
	android:name
		ADDED from src\main\AndroidManifest.xml:66:13-50
activity#com.supcon.mes.module_xj.ui.XJTempTaskActivity
ADDED from src\main\AndroidManifest.xml:71:9-76:15
	android:screenOrientation
		ADDED from src\main\AndroidManifest.xml:73:13-49
	android:windowSoftInputMode
		ADDED from src\main\AndroidManifest.xml:75:13-70
	android:theme
		ADDED from src\main\AndroidManifest.xml:74:13-54
	android:name
		ADDED from src\main\AndroidManifest.xml:72:13-50
service#com.supcon.mes.testo_805i.controller.InfraredService
ADDED from src\main\AndroidManifest.xml:77:9-87
	android:name
		ADDED from src\main\AndroidManifest.xml:77:18-85
uses-sdk
INJECTED from src\main\AndroidManifest.xml reason: use-sdk injection requested
INJECTED from src\main\AndroidManifest.xml
INJECTED from src\main\AndroidManifest.xml
INJECTED from src\main\AndroidManifest.xml
INJECTED from src\main\AndroidManifest.xml
	android:targetSdkVersion
		INJECTED from src\main\AndroidManifest.xml
		ADDED from src\main\AndroidManifest.xml
		INJECTED from src\main\AndroidManifest.xml
	android:minSdkVersion
		INJECTED from src\main\AndroidManifest.xml
		ADDED from src\main\AndroidManifest.xml
		INJECTED from src\main\AndroidManifest.xml